Array_creation\NAFPack_meshgrid.f90:3:5: C121 'use' statement missing 'only' clause
  |
1 | MODULE NAFPack_meshgrid
2 |
3 |     USE NAFPack_constant
  |     ^^^^^^^^^^^^^^^^^^^^ C121
4 |
5 |     IMPLICIT NONE
  |

Array_creation\NAFPack_meshgrid.f90:5:5: C003 'implicit none' missing 'external'
  |
3 |     USE NAFPack_constant
4 |
5 |     IMPLICIT NONE
  |     ^^^^^^^^^^^^^ C003
6 |
7 |     PRIVATE
  |
  = help: Add `(external)` to 'implicit none'

Array_creation\NAFPack_meshgrid.f90:9:1: S101 [*] trailing whitespace
   |
 7 |     PRIVATE
 8 |     PUBLIC :: meshgrid
 9 |   
   | ^^ S101
10 |     CONTAINS
   |
   = help: Remove trailing whitespace

Array_creation\NAFPack_meshgrid.f90:18:1: S101 [*] trailing whitespace
   |
16 |         REAL(dp), DIMENSION(SIZE(vary), SIZE(varx)), INTENT(OUT)  :: X, Y
17 |         INTEGER :: sX, sY, i
18 |     
   | ^^^^ S101
19 |         sX = size(varx) ; sY = size(vary)
   |
   = help: Remove trailing whitespace

Array_creation\NAFPack_meshgrid.f90:20:1: S101 [*] trailing whitespace
   |
19 |         sX = size(varx) ; sY = size(vary)
20 |     
   | ^^^^ S101
21 |         DO i = 1, sY
22 |             X(i, :) = varx
   |
   = help: Remove trailing whitespace

Array_creation\NAFPack_meshgrid.f90:29:5: S061 [*] end statement should be named.
   |
27 |         END DO
28 |
29 |     END SUBROUTINE
   |     ^^^^^^^^^^^^^^ S061
30 |   
31 | END MODULE NAFPack_meshgrid
   |
   = help: Write as 'end subroutine meshgrid'.

Array_creation\NAFPack_meshgrid.f90:30:1: S101 [*] trailing whitespace
   |
29 |     END SUBROUTINE
30 |   
   | ^^ S101
31 | END MODULE NAFPack_meshgrid
   |
   = help: Remove trailing whitespace

FFT\FFTW3.f90:1:1: C001 module missing 'implicit none'
  |
1 | MODULE FFTW3
  | ^^^^^^^^^^^^ C001
2 |     USE, INTRINSIC :: iso_c_binding
3 |     INCLUDE '../../fftw-3.3.10/fftw3.f03'
4 | END MODULE FFTW3
  |

FFT\FFTW3.f90:1:1: C131 module 'FFTW3' missing default accessibility statement
  |
1 | MODULE FFTW3
  | ^^^^^^^^^^^^ C131
2 |     USE, INTRINSIC :: iso_c_binding
3 |     INCLUDE '../../fftw-3.3.10/fftw3.f03'
4 | END MODULE FFTW3
  |

FFT\FFTW3.f90:2:5: C121 'use' statement missing 'only' clause
  |
1 | MODULE FFTW3
2 |     USE, INTRINSIC :: iso_c_binding
  |     ^^^^^^^^^^^^^^^^^^^^^^^^^^^^^^^ C121
3 |     INCLUDE '../../fftw-3.3.10/fftw3.f03'
4 | END MODULE FFTW3
  |

FFT\NAFPack_fft.f90:3:5: C121 'use' statement missing 'only' clause
  |
1 | MODULE NAFPack_fft
2 |
3 |     USE FFTW3
  |     ^^^^^^^^^ C121
4 |
5 |     USE NAFPack_constant
  |

FFT\NAFPack_fft.f90:5:5: C121 'use' statement missing 'only' clause
  |
3 |     USE FFTW3
4 |
5 |     USE NAFPack_constant
  |     ^^^^^^^^^^^^^^^^^^^^ C121
6 |     IMPLICIT NONE
  |

FFT\NAFPack_fft.f90:6:5: C003 'implicit none' missing 'external'
  |
5 |     USE NAFPack_constant
6 |     IMPLICIT NONE
  |     ^^^^^^^^^^^^^ C003
7 |
8 |     PRIVATE
  |
  = help: Add `(external)` to 'implicit none'

FFT\NAFPack_fft.f90:140:1: S101 [*] trailing whitespace
    |
138 |         error_init_thread = fftw_init_threads()
139 |         IF (error_init_thread==0) STOP "ERROR : Thread FFTW initialization problem"
140 |         
    | ^^^^^^^^ S101
141 |         CALL fftw_plan_with_nthreads(threads)
    |
    = help: Remove trailing whitespace

FFT\NAFPack_fft.f90:143:91: S101 [*] trailing whitespace
    |
141 |         CALL fftw_plan_with_nthreads(threads)
142 |
143 |         plan = fftw_plan_dft_1d(SIZE(signal), signal, result, FFTW_FORWARD, FFTW_ESTIMATE) 
    |                                                                                           ^ S101
144 |         CALL fftw_execute_dft(plan, signal, result) 
145 |         CALL fftw_destroy_plan(plan)
    |
    = help: Remove trailing whitespace

FFT\NAFPack_fft.f90:144:52: S101 [*] trailing whitespace
    |
143 |         plan = fftw_plan_dft_1d(SIZE(signal), signal, result, FFTW_FORWARD, FFTW_ESTIMATE) 
144 |         CALL fftw_execute_dft(plan, signal, result) 
    |                                                    ^ S101
145 |         CALL fftw_destroy_plan(plan)
    |
    = help: Remove trailing whitespace

FFT\NAFPack_fft.f90:157:91: S101 [*] trailing whitespace
    |
155 |         TYPE(c_ptr) :: plan
156 |
157 |         plan = fftw_plan_dft_1d(SIZE(signal), signal, result, FFTW_FORWARD, FFTW_ESTIMATE) 
    |                                                                                           ^ S101
158 |         CALL fftw_execute_dft(plan, signal, result) 
159 |         CALL fftw_destroy_plan(plan)
    |
    = help: Remove trailing whitespace

FFT\NAFPack_fft.f90:158:52: S101 [*] trailing whitespace
    |
157 |         plan = fftw_plan_dft_1d(SIZE(signal), signal, result, FFTW_FORWARD, FFTW_ESTIMATE) 
158 |         CALL fftw_execute_dft(plan, signal, result) 
    |                                                    ^ S101
159 |         CALL fftw_destroy_plan(plan)
    |
    = help: Remove trailing whitespace

FFT\NAFPack_fft.f90:169:92: S101 [*] trailing whitespace
    |
167 |         TYPE(c_ptr) :: plan
168 |
169 |         plan = fftw_plan_dft_1d(SIZE(signal), signal, result, FFTW_BACKWARD, FFTW_ESTIMATE) 
    |                                                                                            ^ S101
170 |         CALL fftw_execute_dft(plan, signal, result) 
171 |         result = result / SIZE(signal)
    |
    = help: Remove trailing whitespace

FFT\NAFPack_fft.f90:170:52: S101 [*] trailing whitespace
    |
169 |         plan = fftw_plan_dft_1d(SIZE(signal), signal, result, FFTW_BACKWARD, FFTW_ESTIMATE) 
170 |         CALL fftw_execute_dft(plan, signal, result) 
    |                                                    ^ S101
171 |         result = result / SIZE(signal)
172 |         CALL fftw_destroy_plan(plan)
    |
    = help: Remove trailing whitespace

FFT\NAFPack_fft.f90:186:1: S101 [*] trailing whitespace
    |
184 |         error_init_thread = fftw_init_threads()
185 |         IF (error_init_thread==0) STOP "ERROR : Thread FFTW initialization problem"
186 |         
    | ^^^^^^^^ S101
187 |         CALL fftw_plan_with_nthreads(threads)
    |
    = help: Remove trailing whitespace

FFT\NAFPack_fft.f90:189:92: S101 [*] trailing whitespace
    |
187 |         CALL fftw_plan_with_nthreads(threads)
188 |
189 |         plan = fftw_plan_dft_1d(SIZE(signal), signal, result, FFTW_BACKWARD, FFTW_ESTIMATE) 
    |                                                                                            ^ S101
190 |         CALL fftw_execute_dft(plan, signal, result) 
191 |         result = result / SIZE(signal)
    |
    = help: Remove trailing whitespace

FFT\NAFPack_fft.f90:190:52: S101 [*] trailing whitespace
    |
189 |         plan = fftw_plan_dft_1d(SIZE(signal), signal, result, FFTW_BACKWARD, FFTW_ESTIMATE) 
190 |         CALL fftw_execute_dft(plan, signal, result) 
    |                                                    ^ S101
191 |         result = result / SIZE(signal)
192 |         CALL fftw_destroy_plan(plan)
    |
    = help: Remove trailing whitespace

FFT\NAFPack_fft.f90:206:101: S001 line length of 111, exceeds maximum 100
    |
204 |         TYPE(c_ptr) :: plan
205 |
206 |         plan = fftw_plan_dft_2d(SIZE(signal, 2), SIZE(signal, 1), signal, result, FFTW_FORWARD, FFTW_ESTIMATE) 
    |                                                                                                     ^^^^^^^^^^^ S001
207 |         CALL fftw_execute_dft(plan, signal, result) 
208 |         CALL fftw_destroy_plan(plan)
    |

FFT\NAFPack_fft.f90:206:111: S101 [*] trailing whitespace
    |
204 |         TYPE(c_ptr) :: plan
205 |
206 |         plan = fftw_plan_dft_2d(SIZE(signal, 2), SIZE(signal, 1), signal, result, FFTW_FORWARD, FFTW_ESTIMATE) 
    |                                                                                                               ^ S101
207 |         CALL fftw_execute_dft(plan, signal, result) 
208 |         CALL fftw_destroy_plan(plan)
    |
    = help: Remove trailing whitespace

FFT\NAFPack_fft.f90:207:52: S101 [*] trailing whitespace
    |
206 |         plan = fftw_plan_dft_2d(SIZE(signal, 2), SIZE(signal, 1), signal, result, FFTW_FORWARD, FFTW_ESTIMATE) 
207 |         CALL fftw_execute_dft(plan, signal, result) 
    |                                                    ^ S101
208 |         CALL fftw_destroy_plan(plan)
    |
    = help: Remove trailing whitespace

FFT\NAFPack_fft.f90:222:1: S101 [*] trailing whitespace
    |
220 |         error_init_thread = fftw_init_threads()
221 |         IF (error_init_thread==0) STOP "ERROR : Thread FFTW initialization problem"
222 |         
    | ^^^^^^^^ S101
223 |         CALL fftw_plan_with_nthreads(threads)
    |
    = help: Remove trailing whitespace

FFT\NAFPack_fft.f90:225:101: S001 line length of 111, exceeds maximum 100
    |
223 |         CALL fftw_plan_with_nthreads(threads)
224 |
225 |         plan = fftw_plan_dft_2d(SIZE(signal, 2), SIZE(signal, 1), signal, result, FFTW_FORWARD, FFTW_ESTIMATE) 
    |                                                                                                     ^^^^^^^^^^^ S001
226 |         CALL fftw_execute_dft(plan, signal, result) 
227 |         CALL fftw_destroy_plan(plan)
    |

FFT\NAFPack_fft.f90:225:111: S101 [*] trailing whitespace
    |
223 |         CALL fftw_plan_with_nthreads(threads)
224 |
225 |         plan = fftw_plan_dft_2d(SIZE(signal, 2), SIZE(signal, 1), signal, result, FFTW_FORWARD, FFTW_ESTIMATE) 
    |                                                                                                               ^ S101
226 |         CALL fftw_execute_dft(plan, signal, result) 
227 |         CALL fftw_destroy_plan(plan)
    |
    = help: Remove trailing whitespace

FFT\NAFPack_fft.f90:226:52: S101 [*] trailing whitespace
    |
225 |         plan = fftw_plan_dft_2d(SIZE(signal, 2), SIZE(signal, 1), signal, result, FFTW_FORWARD, FFTW_ESTIMATE) 
226 |         CALL fftw_execute_dft(plan, signal, result) 
    |                                                    ^ S101
227 |         CALL fftw_destroy_plan(plan)
    |
    = help: Remove trailing whitespace

FFT\NAFPack_fft.f90:239:101: S001 line length of 112, exceeds maximum 100
    |
237 |         TYPE(c_ptr) :: plan
238 |
239 |         plan = fftw_plan_dft_2d(SIZE(signal, 2), SIZE(signal, 1), signal, result, FFTW_BACKWARD, FFTW_ESTIMATE) 
    |                                                                                                     ^^^^^^^^^^^^ S001
240 |         CALL fftw_execute_dft(plan, signal, result) 
241 |         result = result / (SIZE(signal, 1) * SIZE(signal, 2))
    |

FFT\NAFPack_fft.f90:239:112: S101 [*] trailing whitespace
    |
237 |         TYPE(c_ptr) :: plan
238 |
239 |         plan = fftw_plan_dft_2d(SIZE(signal, 2), SIZE(signal, 1), signal, result, FFTW_BACKWARD, FFTW_ESTIMATE) 
    |                                                                                                                ^ S101
240 |         CALL fftw_execute_dft(plan, signal, result) 
241 |         result = result / (SIZE(signal, 1) * SIZE(signal, 2))
    |
    = help: Remove trailing whitespace

FFT\NAFPack_fft.f90:240:52: S101 [*] trailing whitespace
    |
239 |         plan = fftw_plan_dft_2d(SIZE(signal, 2), SIZE(signal, 1), signal, result, FFTW_BACKWARD, FFTW_ESTIMATE) 
240 |         CALL fftw_execute_dft(plan, signal, result) 
    |                                                    ^ S101
241 |         result = result / (SIZE(signal, 1) * SIZE(signal, 2))
242 |         CALL fftw_destroy_plan(plan)
    |
    = help: Remove trailing whitespace

FFT\NAFPack_fft.f90:256:1: S101 [*] trailing whitespace
    |
254 |         error_init_thread = fftw_init_threads()
255 |         IF (error_init_thread==0) STOP "ERROR : Thread FFTW initialization problem"
256 |         
    | ^^^^^^^^ S101
257 |         CALL fftw_plan_with_nthreads(threads)
    |
    = help: Remove trailing whitespace

FFT\NAFPack_fft.f90:259:101: S001 line length of 112, exceeds maximum 100
    |
257 |         CALL fftw_plan_with_nthreads(threads)
258 |
259 |         plan = fftw_plan_dft_2d(SIZE(signal, 2), SIZE(signal, 1), signal, result, FFTW_BACKWARD, FFTW_ESTIMATE) 
    |                                                                                                     ^^^^^^^^^^^^ S001
260 |         CALL fftw_execute_dft(plan, signal, result) 
261 |         result = result / (SIZE(signal, 1) * SIZE(signal, 2))
    |

FFT\NAFPack_fft.f90:259:112: S101 [*] trailing whitespace
    |
257 |         CALL fftw_plan_with_nthreads(threads)
258 |
259 |         plan = fftw_plan_dft_2d(SIZE(signal, 2), SIZE(signal, 1), signal, result, FFTW_BACKWARD, FFTW_ESTIMATE) 
    |                                                                                                                ^ S101
260 |         CALL fftw_execute_dft(plan, signal, result) 
261 |         result = result / (SIZE(signal, 1) * SIZE(signal, 2))
    |
    = help: Remove trailing whitespace

FFT\NAFPack_fft.f90:260:52: S101 [*] trailing whitespace
    |
259 |         plan = fftw_plan_dft_2d(SIZE(signal, 2), SIZE(signal, 1), signal, result, FFTW_BACKWARD, FFTW_ESTIMATE) 
260 |         CALL fftw_execute_dft(plan, signal, result) 
    |                                                    ^ S101
261 |         result = result / (SIZE(signal, 1) * SIZE(signal, 2))
262 |         CALL fftw_destroy_plan(plan)
    |
    = help: Remove trailing whitespace

FFT\NAFPack_fft.f90:273:101: S001 line length of 105, exceeds maximum 100
    |
272 |         COMPLEX(c_double_complex), DIMENSION(:, :, :), INTENT(INOUT) :: signal
273 |         COMPLEX(c_double_complex), DIMENSION(SIZE(signal, 1), SIZE(signal, 2), SIZE(signal, 3)) :: result
    |                                                                                                     ^^^^^ S001
274 |         TYPE(c_ptr) :: plan
    |

FFT\NAFPack_fft.f90:276:101: S001 line length of 128, exceeds maximum 100
    |
274 |         TYPE(c_ptr) :: plan
275 |
276 |         plan = fftw_plan_dft_3d(SIZE(signal, 3), SIZE(signal, 2), SIZE(signal, 1), signal, result, FFTW_FORWARD, FFTW_ESTIMATE) 
    |                                                                                                     ^^^^^^^^^^^^^^^^^^^^^^^^^^^^ S001
277 |         CALL fftw_execute_dft(plan, signal, result) 
278 |         CALL fftw_destroy_plan(plan)
    |

FFT\NAFPack_fft.f90:276:128: S101 [*] trailing whitespace
    |
274 |         TYPE(c_ptr) :: plan
275 |
276 |         plan = fftw_plan_dft_3d(SIZE(signal, 3), SIZE(signal, 2), SIZE(signal, 1), signal, result, FFTW_FORWARD, FFTW_ESTIMATE) 
    |                                                                                                                                ^ S101
277 |         CALL fftw_execute_dft(plan, signal, result) 
278 |         CALL fftw_destroy_plan(plan)
    |
    = help: Remove trailing whitespace

FFT\NAFPack_fft.f90:277:52: S101 [*] trailing whitespace
    |
276 |         plan = fftw_plan_dft_3d(SIZE(signal, 3), SIZE(signal, 2), SIZE(signal, 1), signal, result, FFTW_FORWARD, FFTW_ESTIMATE) 
277 |         CALL fftw_execute_dft(plan, signal, result) 
    |                                                    ^ S101
278 |         CALL fftw_destroy_plan(plan)
    |
    = help: Remove trailing whitespace

FFT\NAFPack_fft.f90:286:101: S001 line length of 105, exceeds maximum 100
    |
284 |         COMPLEX(c_double_complex), DIMENSION(:, :, :), INTENT(INOUT) :: signal
285 |         INTEGER, INTENT(IN) :: threads
286 |         COMPLEX(c_double_complex), DIMENSION(SIZE(signal, 1), SIZE(signal, 2), SIZE(signal, 3)) :: result
    |                                                                                                     ^^^^^ S001
287 |         INTEGER :: error_init_thread
288 |         TYPE(c_ptr) :: plan
    |

FFT\NAFPack_fft.f90:292:1: S101 [*] trailing whitespace
    |
290 |         error_init_thread = fftw_init_threads()
291 |         IF (error_init_thread==0) STOP "ERROR : Thread FFTW initialization problem"
292 |         
    | ^^^^^^^^ S101
293 |         CALL fftw_plan_with_nthreads(threads)
    |
    = help: Remove trailing whitespace

FFT\NAFPack_fft.f90:295:101: S001 line length of 128, exceeds maximum 100
    |
293 |         CALL fftw_plan_with_nthreads(threads)
294 |
295 |         plan = fftw_plan_dft_3d(SIZE(signal, 3), SIZE(signal, 2), SIZE(signal, 1), signal, result, FFTW_FORWARD, FFTW_ESTIMATE) 
    |                                                                                                     ^^^^^^^^^^^^^^^^^^^^^^^^^^^^ S001
296 |         CALL fftw_execute_dft(plan, signal, result) 
297 |         CALL fftw_destroy_plan(plan)
    |

FFT\NAFPack_fft.f90:295:128: S101 [*] trailing whitespace
    |
293 |         CALL fftw_plan_with_nthreads(threads)
294 |
295 |         plan = fftw_plan_dft_3d(SIZE(signal, 3), SIZE(signal, 2), SIZE(signal, 1), signal, result, FFTW_FORWARD, FFTW_ESTIMATE) 
    |                                                                                                                                ^ S101
296 |         CALL fftw_execute_dft(plan, signal, result) 
297 |         CALL fftw_destroy_plan(plan)
    |
    = help: Remove trailing whitespace

FFT\NAFPack_fft.f90:296:52: S101 [*] trailing whitespace
    |
295 |         plan = fftw_plan_dft_3d(SIZE(signal, 3), SIZE(signal, 2), SIZE(signal, 1), signal, result, FFTW_FORWARD, FFTW_ESTIMATE) 
296 |         CALL fftw_execute_dft(plan, signal, result) 
    |                                                    ^ S101
297 |         CALL fftw_destroy_plan(plan)
    |
    = help: Remove trailing whitespace

FFT\NAFPack_fft.f90:306:101: S001 line length of 105, exceeds maximum 100
    |
305 |         COMPLEX(c_double_complex), DIMENSION(:, :, :), INTENT(INOUT) :: signal
306 |         COMPLEX(c_double_complex), DIMENSION(SIZE(signal, 1), SIZE(signal, 2), SIZE(signal, 3)) :: result
    |                                                                                                     ^^^^^ S001
307 |         TYPE(c_ptr) :: plan
    |

FFT\NAFPack_fft.f90:309:101: S001 line length of 129, exceeds maximum 100
    |
307 |         TYPE(c_ptr) :: plan
308 |
309 |         plan = fftw_plan_dft_3d(SIZE(signal, 3), SIZE(signal, 2), SIZE(signal, 1), signal, result, FFTW_BACKWARD, FFTW_ESTIMATE) 
    |                                                                                                     ^^^^^^^^^^^^^^^^^^^^^^^^^^^^^ S001
310 |         CALL fftw_execute_dft(plan, signal, result) 
311 |         result = result / (SIZE(signal, 1) * SIZE(signal, 2) * SIZE(signal, 3))
    |

FFT\NAFPack_fft.f90:309:129: S101 [*] trailing whitespace
    |
307 |         TYPE(c_ptr) :: plan
308 |
309 |         plan = fftw_plan_dft_3d(SIZE(signal, 3), SIZE(signal, 2), SIZE(signal, 1), signal, result, FFTW_BACKWARD, FFTW_ESTIMATE) 
    |                                                                                                                                 ^ S101
310 |         CALL fftw_execute_dft(plan, signal, result) 
311 |         result = result / (SIZE(signal, 1) * SIZE(signal, 2) * SIZE(signal, 3))
    |
    = help: Remove trailing whitespace

FFT\NAFPack_fft.f90:310:52: S101 [*] trailing whitespace
    |
309 |         plan = fftw_plan_dft_3d(SIZE(signal, 3), SIZE(signal, 2), SIZE(signal, 1), signal, result, FFTW_BACKWARD, FFTW_ESTIMATE) 
310 |         CALL fftw_execute_dft(plan, signal, result) 
    |                                                    ^ S101
311 |         result = result / (SIZE(signal, 1) * SIZE(signal, 2) * SIZE(signal, 3))
312 |         CALL fftw_destroy_plan(plan)
    |
    = help: Remove trailing whitespace

FFT\NAFPack_fft.f90:320:101: S001 line length of 105, exceeds maximum 100
    |
318 |         COMPLEX(c_double_complex), DIMENSION(:, :, :), INTENT(INOUT) :: signal
319 |         INTEGER, INTENT(IN) :: threads
320 |         COMPLEX(c_double_complex), DIMENSION(SIZE(signal, 1), SIZE(signal, 2), SIZE(signal, 3)) :: result
    |                                                                                                     ^^^^^ S001
321 |         INTEGER :: error_init_thread
322 |         TYPE(c_ptr) :: plan
    |

FFT\NAFPack_fft.f90:326:1: S101 [*] trailing whitespace
    |
324 |         error_init_thread = fftw_init_threads()
325 |         IF (error_init_thread==0) STOP "ERROR : Thread FFTW initialization problem"
326 |         
    | ^^^^^^^^ S101
327 |         CALL fftw_plan_with_nthreads(threads)
    |
    = help: Remove trailing whitespace

FFT\NAFPack_fft.f90:329:101: S001 line length of 129, exceeds maximum 100
    |
327 |         CALL fftw_plan_with_nthreads(threads)
328 |
329 |         plan = fftw_plan_dft_3d(SIZE(signal, 3), SIZE(signal, 2), SIZE(signal, 1), signal, result, FFTW_BACKWARD, FFTW_ESTIMATE) 
    |                                                                                                     ^^^^^^^^^^^^^^^^^^^^^^^^^^^^^ S001
330 |         CALL fftw_execute_dft(plan, signal, result) 
331 |         result = result / (SIZE(signal, 1) * SIZE(signal, 2) * SIZE(signal, 3))
    |

FFT\NAFPack_fft.f90:329:129: S101 [*] trailing whitespace
    |
327 |         CALL fftw_plan_with_nthreads(threads)
328 |
329 |         plan = fftw_plan_dft_3d(SIZE(signal, 3), SIZE(signal, 2), SIZE(signal, 1), signal, result, FFTW_BACKWARD, FFTW_ESTIMATE) 
    |                                                                                                                                 ^ S101
330 |         CALL fftw_execute_dft(plan, signal, result) 
331 |         result = result / (SIZE(signal, 1) * SIZE(signal, 2) * SIZE(signal, 3))
    |
    = help: Remove trailing whitespace

FFT\NAFPack_fft.f90:330:52: S101 [*] trailing whitespace
    |
329 |         plan = fftw_plan_dft_3d(SIZE(signal, 3), SIZE(signal, 2), SIZE(signal, 1), signal, result, FFTW_BACKWARD, FFTW_ESTIMATE) 
330 |         CALL fftw_execute_dft(plan, signal, result) 
    |                                                    ^ S101
331 |         result = result / (SIZE(signal, 1) * SIZE(signal, 2) * SIZE(signal, 3))
332 |         CALL fftw_destroy_plan(plan)
    |
    = help: Remove trailing whitespace

FFT\NAFPack_fft.f90:341:1: S101 [*] trailing whitespace
    |
340 | !################### NAFPack ##########################################
341 |     
    | ^^^^ S101
342 |     !Discrete Fourier transform 1D
343 |     FUNCTION NAFPack_DFT_1D(signal) RESULT(result)
    |
    = help: Remove trailing whitespace

FFT\NAFPack_fft.f90:368:1: S101 [*] trailing whitespace
    |
366 |             END DO
367 |         END IF
368 |     
    | ^^^^ S101
369 |     END FUNCTION NAFPack_DFT_1D
    |
    = help: Remove trailing whitespace

NAFPack_constant.f90:4:1: S101 [*] trailing whitespace
  |
3 |     USE, INTRINSIC :: iso_fortran_env, ONLY: sp=>real32, dp=>real64, isp=>int32, idp=>int64
4 |     
  | ^^^^ S101
5 |     IMPLICIT NONE
  |
  = help: Remove trailing whitespace

NAFPack_constant.f90:5:5: C003 'implicit none' missing 'external'
  |
3 |     USE, INTRINSIC :: iso_fortran_env, ONLY: sp=>real32, dp=>real64, isp=>int32, idp=>int64
4 |     
5 |     IMPLICIT NONE
  |     ^^^^^^^^^^^^^ C003
6 |
7 |     PRIVATE
  |
  = help: Add `(external)` to 'implicit none'

NAFPack_constant.f90:10:101: S001 line length of 114, exceeds maximum 100
   |
 8 |     PUBLIC :: pi, im, epsi, kmax, sp, dp, epsi_test, idp, isp
 9 |     PUBLIC :: status_len
10 |     PUBLIC :: red_color, green_color, yellow_color, blue_color, white_color, cyan_color, purple_color, reset_color
   |                                                                                                     ^^^^^^^^^^^^^^ S001
11 |
12 |     REAL(dp), PARAMETER :: pi = ACOS(-1.d0)
   |

NAFPack_constant.f90:26:1: S101 [*] trailing whitespace
   |
24 |     CHARACTER(len=10) :: white_color  = CHAR(27)//"[37m"
25 |     CHARACTER(len=10) :: reset_color  = CHAR(27)//"[0m"
26 |     
   | ^^^^ S101
27 | END MODULE NAFPack_constant
   |
   = help: Remove trailing whitespace

algebra\NAFPack_linear_algebra.f90:3:5: C121 'use' statement missing 'only' clause
  |
1 | MODULE NAFPack_linear_algebra
2 |
3 |     USE NAFPack_constant
  |     ^^^^^^^^^^^^^^^^^^^^ C121
4 |     USE NAFPack_matrix_decomposition
5 |     USE NAFPack_matricielle
  |

algebra\NAFPack_linear_algebra.f90:4:5: C121 'use' statement missing 'only' clause
  |
3 |     USE NAFPack_constant
4 |     USE NAFPack_matrix_decomposition
  |     ^^^^^^^^^^^^^^^^^^^^^^^^^^^^^^^^ C121
5 |     USE NAFPack_matricielle
  |

algebra\NAFPack_linear_algebra.f90:5:5: C121 'use' statement missing 'only' clause
  |
3 |     USE NAFPack_constant
4 |     USE NAFPack_matrix_decomposition
5 |     USE NAFPack_matricielle
  |     ^^^^^^^^^^^^^^^^^^^^^^^ C121
6 |
7 |     IMPLICIT NONE
  |

algebra\NAFPack_linear_algebra.f90:7:5: C003 'implicit none' missing 'external'
  |
5 |     USE NAFPack_matricielle
6 |
7 |     IMPLICIT NONE
  |     ^^^^^^^^^^^^^ C003
8 |
9 |     PRIVATE
  |
  = help: Add `(external)` to 'implicit none'

algebra\NAFPack_linear_algebra.f90:26:1: S101 [*] trailing whitespace
   |
24 |         REAL(dp) :: S
25 |         INTEGER :: i, j, N
26 |     
   | ^^^^ S101
27 |         N = SIZE(L, 1)
   |
   = help: Remove trailing whitespace

algebra\NAFPack_linear_algebra.f90:28:1: S101 [*] trailing whitespace
   |
27 |         N = SIZE(L, 1)
28 |     
   | ^^^^ S101
29 |         y_descent(1) = b(1) / L(1, 1)
   |
   = help: Remove trailing whitespace

algebra\NAFPack_linear_algebra.f90:30:1: S101 [*] trailing whitespace
   |
29 |         y_descent(1) = b(1) / L(1, 1)
30 |     
   | ^^^^ S101
31 |         DO i = 2, N
32 |             S = 0
   |
   = help: Remove trailing whitespace

algebra\NAFPack_linear_algebra.f90:38:1: S101 [*] trailing whitespace
   |
36 |             y_descent(i) = (b(i) - S) / L(i, i)
37 |         END DO
38 |     
   | ^^^^ S101
39 |     END FUNCTION descent
   |
   = help: Remove trailing whitespace

algebra\NAFPack_linear_algebra.f90:68:1: S101 [*] trailing whitespace
   |
66 |         REAL(dp), DIMENSION(:), INTENT(INOUT) :: Line1, Line2
67 |         REAL(dp), DIMENSION(SIZE(Line1)) :: tmp
68 |         
   | ^^^^^^^^ S101
69 |         tmp = Line1
70 |         Line1 = Line2
   |
   = help: Remove trailing whitespace

algebra\NAFPack_linear_algebra.f90:77:21: C061 subroutine argument 'scal1' missing 'intent' attribute
   |
75 |     SUBROUTINE scalar_exchange(scal1, scal2)
76 |
77 |         REAL(dp) :: scal1, scal2
   |                     ^^^^^ C061
78 |         REAL(dp) :: tmp
   |

algebra\NAFPack_linear_algebra.f90:77:28: C061 subroutine argument 'scal2' missing 'intent' attribute
   |
75 |     SUBROUTINE scalar_exchange(scal1, scal2)
76 |
77 |         REAL(dp) :: scal1, scal2
   |                            ^^^^^ C061
78 |         REAL(dp) :: tmp
   |

algebra\NAFPack_linear_algebra.f90:79:1: S101 [*] trailing whitespace
   |
77 |         REAL(dp) :: scal1, scal2
78 |         REAL(dp) :: tmp
79 |         
   | ^^^^^^^^ S101
80 |         tmp = scal1
81 |         scal1 = scal2
   |
   = help: Remove trailing whitespace

algebra\NAFPack_linear_algebra.f90:85:1: S101 [*] trailing whitespace
   |
84 |     END SUBROUTINE scalar_exchange
85 |     
   | ^^^^ S101
86 |
87 | !################## direct methode ######################################################
   |
   = help: Remove trailing whitespace

algebra\NAFPack_linear_algebra.f90:97:20: C081 'do_check' is initialised in its declaration and has no explicit `save` or `parameter` attribute
   |
95 |         REAL(dp),DIMENSION(SIZE(A,1)) :: x
96 |         INTEGER :: N
97 |         LOGICAL :: do_check = .TRUE.
   |                    ^^^^^^^^^^^^^^^^^ C081
98 |
99 |         IF(PRESENT(check)) do_check = check
   |

algebra\NAFPack_linear_algebra.f90:134:1: S101 [*] trailing whitespace
    |
133 |     FUNCTION Gauss(A, b) RESULT(x)
134 |         
    | ^^^^^^^^ S101
135 |         REAL(dp), DIMENSION(:, :), INTENT(IN) :: A
136 |         REAL(dp), DIMENSION(:), INTENT(IN) :: b
    |
    = help: Remove trailing whitespace

algebra\NAFPack_linear_algebra.f90:147:1: S101 [*] trailing whitespace
    |
146 |         N=SIZE(A_tmp, 1)
147 |         
    | ^^^^^^^^ S101
148 |         DO k = 1, N-1 
149 |             DO i = k+1, N
    |
    = help: Remove trailing whitespace

algebra\NAFPack_linear_algebra.f90:148:22: S101 [*] trailing whitespace
    |
146 |         N=SIZE(A_tmp, 1)
147 |         
148 |         DO k = 1, N-1 
    |                      ^ S101
149 |             DO i = k+1, N
150 |                 pivot = A_tmp(k, k)
    |
    = help: Remove trailing whitespace

algebra\NAFPack_linear_algebra.f90:154:32: S101 [*] trailing whitespace
    |
153 |                 q = A_tmp(i, k) / pivot
154 |                 A_tmp(i, k) = 0 
    |                                ^ S101
155 |                 DO j = k+1, N
156 |                     A_tmp(i, j) = A_tmp(i, j) - q * A_tmp(k, j)
    |
    = help: Remove trailing whitespace

algebra\NAFPack_linear_algebra.f90:182:1: S101 [*] trailing whitespace
    |
181 |         N = SIZE(A, 1)
182 |         
    | ^^^^^^^^ S101
183 |         DO k = 1, N-1 
184 |             DO i = k+1, N
    |
    = help: Remove trailing whitespace

algebra\NAFPack_linear_algebra.f90:183:22: S101 [*] trailing whitespace
    |
181 |         N = SIZE(A, 1)
182 |         
183 |         DO k = 1, N-1 
    |                      ^ S101
184 |             DO i = k+1, N
    |
    = help: Remove trailing whitespace

algebra\NAFPack_linear_algebra.f90:217:1: S101 [*] trailing whitespace
    |
216 |         CALL LU_decomposition(A, L, U)
217 |     
    | ^^^^ S101
218 |         y = descent(L, b)
    |
    = help: Remove trailing whitespace

algebra\NAFPack_linear_algebra.f90:219:1: S101 [*] trailing whitespace
    |
218 |         y = descent(L, b)
219 |         
    | ^^^^^^^^ S101
220 |         x = ascent(U, y)
    |
    = help: Remove trailing whitespace

algebra\NAFPack_linear_algebra.f90:233:1: S101 [*] trailing whitespace
    |
232 |         CALL LDU_decomposition(A, L, D, U)
233 |     
    | ^^^^ S101
234 |         z = descent(L, b)
    |
    = help: Remove trailing whitespace

algebra\NAFPack_linear_algebra.f90:237:1: S101 [*] trailing whitespace
    |
236 |         y = descent(D, z)
237 |         
    | ^^^^^^^^ S101
238 |         x = ascent(U, y)
    |
    = help: Remove trailing whitespace

algebra\NAFPack_linear_algebra.f90:239:1: S101 [*] trailing whitespace
    |
238 |         x = ascent(U, y)
239 |     
    | ^^^^ S101
240 |     END FUNCTION A_LDU
    |
    = help: Remove trailing whitespace

algebra\NAFPack_linear_algebra.f90:250:20: C081 'do_check' is initialised in its declaration and has no explicit `save` or `parameter` attribute
    |
248 |         REAL(dp),DIMENSION(SIZE(A, 1), SIZE(A, 1)) :: L
249 |         REAL(dp),DIMENSION(SIZE(A, 1)) :: y, lambda
250 |         LOGICAL :: do_check = .TRUE.
    |                    ^^^^^^^^^^^^^^^^^ C081
251 |
252 |         IF(PRESENT(check)) do_check = check
    |

algebra\NAFPack_linear_algebra.f90:260:1: S101 [*] trailing whitespace
    |
258 |             IF(MAXVAL(ABS(A - TRANSPOSE(A))) > epsi) STOP "ERROR :: A is not symmetric (Cholesky)"
259 |         END IF
260 |         
    | ^^^^^^^^ S101
261 |         CALL Cholesky_decomposition(A, L)
    |
    = help: Remove trailing whitespace

algebra\NAFPack_linear_algebra.f90:262:1: S101 [*] trailing whitespace
    |
261 |         CALL Cholesky_decomposition(A, L)
262 |           
    | ^^^^^^^^^^ S101
263 |         y = descent(L, b)
    |
    = help: Remove trailing whitespace

algebra\NAFPack_linear_algebra.f90:264:1: S101 [*] trailing whitespace
    |
263 |         y = descent(L, b)
264 |     
    | ^^^^ S101
265 |         x = ascent(TRANSPOSE(L), y)
    |
    = help: Remove trailing whitespace

algebra\NAFPack_linear_algebra.f90:291:20: C081 'do_check' is initialised in its declaration and has no explicit `save` or `parameter` attribute
    |
289 |         REAL(dp) :: denom
290 |         INTEGER :: n, i, j
291 |         LOGICAL :: do_check = .TRUE.
    |                    ^^^^^^^^^^^^^^^^^ C081
292 |
293 |         N = SIZE(A,1)
    |

algebra\NAFPack_linear_algebra.f90:295:44: S101 [*] trailing whitespace
    |
293 |         N = SIZE(A,1)
294 |
295 |         IF(PRESENT(check)) do_check = check 
    |                                            ^ S101
296 |
297 |         IF (do_check) THEN
    |
    = help: Remove trailing whitespace

algebra\NAFPack_linear_algebra.f90:362:1: S101 [*] trailing whitespace
    |
360 |             PRINT*, "WARNING :: non-convergence of the iterative method "//method
361 |         END IF
362 |         
    | ^^^^^^^^ S101
363 |         IF(method == "Jacobi")THEN
364 |             CALL Jacobi(A, b , x0, x_new)
    |
    = help: Remove trailing whitespace

algebra\NAFPack_linear_algebra.f90:449:1: S101 [*] trailing whitespace
    |
447 |         REAL(dp), DIMENSION(SIZE(A, 1),SIZE(A, 1)) :: vp_tmp
448 |         INTEGER :: N, i
449 |         
    | ^^^^^^^^ S101
450 |         N = SIZE(A, 1)
451 |         IF(SIZE(A, 2) /= N) STOP "ERROR :: Matrix A not square"
    |
    = help: Remove trailing whitespace

algebra\NAFPack_linear_algebra.f90:548:1: S101 [*] trailing whitespace
    |
547 |     END SUBROUTINE Power_iteration
548 |   
    | ^^ S101
549 |     FUNCTION deflation(A, lambda, vp) RESULT(result)
    |
    = help: Remove trailing whitespace

algebra\NAFPack_linear_algebra.f90:558:1: S101 [*] trailing whitespace
    |
556 |         INTEGER :: i, j, N
557 |         REAL(dp) :: lambda1
558 |         
    | ^^^^^^^^ S101
559 |         N = SIZE(A, 1)
560 |         result = A
    |
    = help: Remove trailing whitespace

algebra\NAFPack_linear_algebra.f90:561:1: S101 [*] trailing whitespace
    |
559 |         N = SIZE(A, 1)
560 |         result = A
561 |         
    | ^^^^^^^^ S101
562 |         CALL Power_iteration(transpose(A), lambda1, wp)
563 |         DO i = 1, N 
    |
    = help: Remove trailing whitespace

algebra\NAFPack_linear_algebra.f90:563:20: S101 [*] trailing whitespace
    |
562 |         CALL Power_iteration(transpose(A), lambda1, wp)
563 |         DO i = 1, N 
    |                    ^ S101
564 |             DO j = 1, N
565 |                 result(i, j) = result(i, j) - (lambda * vp(i) * wp(j)) / DOT_PRODUCT(vp, wp)
    |
    = help: Remove trailing whitespace

algebra\NAFPack_linear_algebra.f90:567:15: S101 [*] trailing whitespace
    |
565 |                 result(i, j) = result(i, j) - (lambda * vp(i) * wp(j)) / DOT_PRODUCT(vp, wp)
566 |             END DO
567 |         END DO    
    |               ^^^^ S101
568 |
569 |     END FUNCTION deflation
    |
    = help: Remove trailing whitespace

algebra\NAFPack_matricielle.f90:3:5: C121 'use' statement missing 'only' clause
  |
1 | MODULE NAFPack_matricielle
2 |
3 |     USE NAFPack_constant
  |     ^^^^^^^^^^^^^^^^^^^^ C121
4 |     
5 |     IMPLICIT NONE
  |

algebra\NAFPack_matricielle.f90:4:1: S101 [*] trailing whitespace
  |
3 |     USE NAFPack_constant
4 |     
  | ^^^^ S101
5 |     IMPLICIT NONE
  |
  = help: Remove trailing whitespace

algebra\NAFPack_matricielle.f90:5:5: C003 'implicit none' missing 'external'
  |
3 |     USE NAFPack_constant
4 |     
5 |     IMPLICIT NONE
  |     ^^^^^^^^^^^^^ C003
6 |
7 |     PRIVATE
  |
  = help: Add `(external)` to 'implicit none'

algebra\NAFPack_matricielle.f90:19:35: C061 function argument 'a' missing 'intent' attribute
   |
17 |     FUNCTION dot(a,b) RESULT(result)
18 |
19 |         REAL(dp), DIMENSION(3) :: a, b
   |                                   ^ C061
20 |         REAL(dp) :: result
   |

algebra\NAFPack_matricielle.f90:19:38: C061 function argument 'b' missing 'intent' attribute
   |
17 |     FUNCTION dot(a,b) RESULT(result)
18 |
19 |         REAL(dp), DIMENSION(3) :: a, b
   |                                      ^ C061
20 |         REAL(dp) :: result
   |

algebra\NAFPack_matricielle.f90:29:35: C061 function argument 'a' missing 'intent' attribute
   |
27 |     FUNCTION cross(a,b) RESULT(result)
28 |
29 |         REAL(dp), DIMENSION(3) :: a, b
   |                                   ^ C061
30 |         REAL(dp), DIMENSION(3) :: result
   |

algebra\NAFPack_matricielle.f90:29:38: C061 function argument 'b' missing 'intent' attribute
   |
27 |     FUNCTION cross(a,b) RESULT(result)
28 |
29 |         REAL(dp), DIMENSION(3) :: a, b
   |                                      ^ C061
30 |         REAL(dp), DIMENSION(3) :: result
   |

algebra\NAFPack_matricielle.f90:41:35: C061 function argument 'a' missing 'intent' attribute
   |
39 |     FUNCTION norm_2(a) RESULT(result)
40 |
41 |         REAL(dp), DIMENSION(:) :: a
   |                                   ^ C061
42 |         REAL(dp) :: result
   |

algebra\NAFPack_matricielle.f90:45:1: S101 [*] trailing whitespace
   |
44 |         result = SQRT(SUM(a**2))
45 |     
   | ^^^^ S101
46 |     END FUNCTION norm_2
   |
   = help: Remove trailing whitespace

algebra\NAFPack_matricielle.f90:51:38: C061 function argument 'a' missing 'intent' attribute
   |
49 |     FUNCTION norm_2_complex(a) RESULT(result)
50 |
51 |         COMPLEX(dp), DIMENSION(:) :: a
   |                                      ^ C061
52 |         COMPLEX(dp) :: result
   |

algebra\NAFPack_matricielle.f90:55:1: S101 [*] trailing whitespace
   |
54 |         result = SQRT(SUM(a**2))
55 |     
   | ^^^^ S101
56 |     END FUNCTION norm_2_complex
   |
   = help: Remove trailing whitespace

algebra\NAFPack_matricielle.f90:61:35: C061 function argument 'a' missing 'intent' attribute
   |
59 |     FUNCTION normalise(a) RESULT(result)
60 |
61 |         REAL(dp), DIMENSION(:) :: a
   |                                   ^ C061
62 |         REAL(dp), DIMENSION(SIZE(a)) :: result
   |

algebra\NAFPack_matricielle.f90:65:1: S101 [*] trailing whitespace
   |
64 |         result = a / NORM2(a)
65 |     
   | ^^^^ S101
66 |     END FUNCTION normalise
   |
   = help: Remove trailing whitespace

algebra\NAFPack_matricielle.f90:70:38: C061 function argument 'a' missing 'intent' attribute
   |
68 |     !function that transforms a into a unit vector
69 |     FUNCTION normalise_complexe(a) RESULT(result)
70 |         COMPLEX(dp), DIMENSION(:) :: a
   |                                      ^ C061
71 |         COMPLEX(dp), DIMENSION(SIZE(a)) :: result
   |

algebra\NAFPack_matricielle.f90:74:1: S101 [*] trailing whitespace
   |
73 |         result = a / norm_2_complex(a)
74 |     
   | ^^^^ S101
75 |     END FUNCTION normalise_complexe
   |
   = help: Remove trailing whitespace

algebra\NAFPack_matrix_decomposition.f90:3:5: C121 'use' statement missing 'only' clause
  |
1 | MODULE NAFPack_matrix_decomposition
2 |
3 |     USE NAFPack_constant
  |     ^^^^^^^^^^^^^^^^^^^^ C121
4 |     USE NAFPack_matricielle
  |

algebra\NAFPack_matrix_decomposition.f90:4:5: C121 'use' statement missing 'only' clause
  |
3 |     USE NAFPack_constant
4 |     USE NAFPack_matricielle
  |     ^^^^^^^^^^^^^^^^^^^^^^^ C121
5 |
6 |     IMPLICIT NONE
  |

algebra\NAFPack_matrix_decomposition.f90:6:5: C003 'implicit none' missing 'external'
  |
4 |     USE NAFPack_matricielle
5 |
6 |     IMPLICIT NONE
  |     ^^^^^^^^^^^^^ C003
7 |
8 |     PRIVATE
  |
  = help: Add `(external)` to 'implicit none'

algebra\NAFPack_matrix_decomposition.f90:28:1: S101 [*] trailing whitespace
   |
26 |         DO j = 1, N
27 |             L(j, j) = 1.d0
28 |           
   | ^^^^^^^^^^ S101
29 |             DO i = 1, j
30 |                 S = 0.d0
   |
   = help: Remove trailing whitespace

algebra\NAFPack_matrix_decomposition.f90:36:1: S101 [*] trailing whitespace
   |
34 |                 U(i, j) = A(i, j) - S
35 |             END DO
36 |     
   | ^^^^ S101
37 |             DO i = j+1, N
38 |                 S = 0.d0
   |
   = help: Remove trailing whitespace

algebra\NAFPack_matrix_decomposition.f90:64:1: S101 [*] trailing whitespace
   |
62 |             L(j, j) = 1.d0
63 |             U(j, j) = 1.d0
64 |             
   | ^^^^^^^^^^^^ S101
65 |             DO i = 1, j-1
66 |                 S = 0.d0
   |
   = help: Remove trailing whitespace

algebra\NAFPack_matrix_decomposition.f90:79:1: S101 [*] trailing whitespace
   |
77 |             END DO
78 |             D(j, j) = A(j, j) - S
79 |     
   | ^^^^ S101
80 |             DO i = j+1, N
81 |                 S = 0.d0
   |
   = help: Remove trailing whitespace

algebra\NAFPack_matrix_decomposition.f90:106:1: S101 [*] trailing whitespace
    |
104 |             END DO
105 |             L(j, j) = SQRT(A(j, j) - S)
106 |         
    | ^^^^^^^^ S101
107 |             DO i = j+1, N
108 |                 S = 0.d0
    |
    = help: Remove trailing whitespace

algebra\NAFPack_matrix_decomposition.f90:129:52: S101 [*] trailing whitespace
    |
127 |             CALL QR_Givens(A, Q, R)
128 |         ELSE IF(method == "QR_Gram_Schmidt_Classical")THEN
129 |             CALL QR_Gram_Schmidt_Classical(A, Q, R) 
    |                                                    ^ S101
130 |         ELSE IF(method == "QR_Gram_Schmidt_Modified")THEN
131 |             CALL QR_Gram_Schmidt_Modified(A, Q, R)
    |
    = help: Remove trailing whitespace

algebra\NAFPack_matrix_decomposition.f90:177:1: S101 [*] trailing whitespace
    |
176 |             Q = MATMUL(Q, H)
177 |         
    | ^^^^^^^^ S101
178 |             R(k:N, k:N) = MATMUL(H(k:N, k:N), R(k:N, k:N))
    |
    = help: Remove trailing whitespace

algebra\NAFPack_matrix_decomposition.f90:179:1: S101 [*] trailing whitespace
    |
178 |             R(k:N, k:N) = MATMUL(H(k:N, k:N), R(k:N, k:N))
179 |     
    | ^^^^ S101
180 |         END DO
181 |     END SUBROUTINE QR_Householder
    |
    = help: Remove trailing whitespace

algebra\NAFPack_matrix_decomposition.f90:282:1: S101 [*] trailing whitespace
    |
281 |     END SUBROUTINE QR_Gram_Schmidt_Modified
282 |     
    | ^^^^ S101
283 | END MODULE NAFPack_matrix_decomposition
    |
    = help: Remove trailing whitespace

fortitude: 7 files scanned.
Number of errors: 126

For more information about specific rules, run:

    fortitude explain X001,Y002,...

[*] 82 fixable with the `--fix` option (6 hidden fixes can be enabled with the `--unsafe-fixes` option).
