              ╔==================================== NAFPack Logger initialized ====================================
              ║
[INFO]        ║ Verbosity level                        : 4
[INFO]        ║ Output to terminal                     : F
[INFO]        ║ Output to file                         : T
[INFO]        ║ File unit                              : 99
[INFO]        ║ File format                            : log
[INFO]        ║ File name                              : Log/Log_Richardson_unsteady.log
              ╚====================================================================================================

              ╔========================= Testing matrix properties for method:Richardson ==========================
              ║
[INFO]        ║ Checking if the matrix is square...
[INFO]        ║ Checking if the matrix is symmetric positive definite (SPD)...
              ╚====================================================================================================


              ╔====================================== Starting system solver ======================================
              ║
[INFO]        ║ Date and time                          : 2025-08-15 22:45:13
[INFO]        ║ Method used                            : Richardson
[INFO]        ║ Relaxation factor used                 : α = 1.0000
[INFO]        ║ System size                            : 3 x 3
[INFO]        ║ Memory used                            : 7356 KB
[INFO]        ║ Norme used                             : Norm L2 or Euclidean
[INFO]        ║ Convergence criterion (Tolerance)      : ||r|| < 1.00E-12
[INFO]        ║ Max iterations                         : 1000
[DETAIL]      ║     Initial residual norm              : ||r0|| = 1.0954451E+1
              ╚====================================================================================================

              ╔============================================ Iterations ============================================
              ║
[INFO]        ║ Iter     Residual norm (||r||)     Relative residual norm (||r||/||r0||)     Time (s)
              ║----------------------------------------------------------------------------------------------------
[22:45:13]    ║  1            3.1124749                        2.8412879E-1                   0.0000000
[22:45:13]    ║  2            8.9177659E-1                     8.1407693E-2                   0.0000000
[22:45:13]    ║  3            3.2700734E-1                     2.9851550E-2                   0.0000000
[22:45:13]    ║  4            1.0885092E-1                     9.9366838E-3                   0.0000000
[22:45:13]    ║  5            4.0126434E-2                     3.6630255E-3                   0.0000000
[22:45:13]    ║  6            1.3358771E-2                     1.2194834E-3                   0.0000000
[22:45:13]    ║  7            4.9245443E-3                     4.4954733E-4                   0.0000000
[22:45:13]    ║  8            1.6394645E-3                     1.4966195E-4                   0.0000000
[22:45:13]    ║  9            6.0436813E-4                     5.5171010E-5                   0.0000000
[22:45:13]    ║  10           2.0120442E-4                     1.8367367E-5                   0.0000000
[22:45:13]    ║  11           7.4171501E-5                     6.7709007E-6                   0.0000000
[22:45:13]    ║  12           2.4692953E-5                     2.2541479E-6                   0.0000000
[22:45:13]    ║  13           9.1027492E-6                     8.3096351E-7                   0.0000000
[22:45:13]    ║  14           3.0304599E-6                     2.7664188E-7                   0.0000000
[22:45:13]    ║  15           1.1171412E-6                     1.0198058E-7                   0.0000000
[22:45:13]    ║  16           3.7191530E-7                     3.3951067E-8                   0.0000000
[22:45:13]    ║  17           1.3710194E-7                     1.2515637E-8                   0.0000000
[22:45:13]    ║  18           4.5643566E-8                     4.1666684E-9                   0.0000000
[22:45:13]    ║  19           1.6825930E-8                     1.5359903E-9                   0.0000000
[22:45:13]    ║  20           5.6016379E-9                     5.1135724E-10                  0.0000000
[22:45:13]    ║  21           2.0649739E-9                     1.8850546E-10                  0.0000000
[22:45:13]    ║  22           6.8746478E-10                    6.2756661E-11                  0.0000000
[22:45:13]    ║  23           2.5342533E-10                    2.3134462E-11                  0.0000000
[22:45:13]    ║  24           8.4369583E-11                    7.7018540E-12                  0.0000000
[22:45:13]    ║  25           3.1101690E-11                    2.8391828E-12                  0.0000000
[22:45:13]    ║  26           1.0355703E-11                    9.4534199E-13                  0.0000000
[22:45:13]    ║  27           3.8176812E-12                    3.4850502E-13                  0.0000000
[22:45:13]    ║  28           1.2711461E-12                    1.1603923E-13                  0.0000000
[22:45:13]    ║  29           4.6834403E-13                    4.2753765E-14                  0.0000000
              ╚====================================================================================================

              ╔============================================= Results ==============================================
              ║
[INFO]        ║ Status                                 : CONVERGED
[INFO]        ║ Final residual                         : ||r|| = 4.6834403E-13 < 1.0E-12 (convergence achieved)
[DETAIL]      ║     Relative residual norm             : ||r||/||r0|| = 4.2753765E-14
[INFO]        ║ Total iterations                       : 29
[INFO]        ║ Solution                               : x = [ 1.0000000 2.0000000 3.0000000]
[INFO]        ║ Solver completed in                    : 0.0000000 seconds
[INFO]        ║ Memory used                            : 7356 KB
              ╚====================================================================================================
