              ╔==================================== NAFPack Logger initialized ====================================
              ║
[INFO]        ║ Verbosity level                        : 4
[INFO]        ║ Output to terminal                     : F
[INFO]        ║ Output to file                         : T
[INFO]        ║ File unit                              : 99
[INFO]        ║ File format                            : log
[INFO]        ║ File name                              : Log/Log_Richardson_unsteady_GS.log
              ╚====================================================================================================

              ╔========================= Testing matrix properties for method:Richardson ==========================
              ║
[INFO]        ║ Checking if the matrix is square...
[INFO]        ║ Checking if the matrix is symmetric positive definite (SPD)...
[INFO]        ║ Checking if the matrix is diagonally dominant...
              ╚====================================================================================================


              ╔====================================== Starting system solver ======================================
              ║
[INFO]        ║ Date and time                          : 2025-08-20 21:09:35
[INFO]        ║ Method used                            : Richardson
[INFO]        ║ Relaxation factor used                 : α = 1.0000E+0
[INFO]        ║ Preconditioner used                    : Gauss-Seidel
[INFO]        ║ System size                            : 3 x 3
[INFO]        ║ Memory used                            : 7380 KB
[INFO]        ║ Norme used                             : Norm L2 or Euclidean
[INFO]        ║ Convergence criterion (Tolerance)      : ||r|| < 1.00E-12
[INFO]        ║ Max iterations                         : 1000
[DETAIL]      ║     Initial residual norm              : ||r0|| = 1.0954451E+1
              ╚====================================================================================================

              ╔============================================ Iterations ============================================
              ║
[INFO]        ║ Iter     Residual norm (||r||)     Relative residual norm (||r||/||r0||)     Time (s)
              ║----------------------------------------------------------------------------------------------------
[21:09:35]    ║  1            3.0820094E+0                     2.8134768E-1                   0.0000000E+0
[21:09:35]    ║  2            7.5054952E-1                     6.8515483E-2                   0.0000000E+0
[21:09:35]    ║  3            3.0625701E-3                     2.7957312E-4                   0.0000000E+0
[21:09:35]    ║  4            8.3467448E-4                     7.6195007E-5                   0.0000000E+0
[21:09:35]    ║  5            3.9813696E-5                     3.6344766E-6                   0.0000000E+0
[21:09:35]    ║  6            6.5421938E-6                     5.9721785E-7                   0.0000000E+0
[21:09:35]    ║  7            4.9161354E-7                     4.4877970E-8                   0.0000000E+0
[21:09:35]    ║  8            5.3653973E-8                     4.8979152E-9                   0.0000000E+0
[21:09:35]    ║  9            8.5648091E-9                     7.8185652E-10                  0.0000000E+0
[21:09:35]    ║  10           5.7936191E-10                    5.2888265E-11                  0.0000000E+0
[21:09:35]    ║  11           1.2355647E-10                    1.1279111E-11                  0.0000000E+0
[21:09:35]    ║  12           3.7106351E-12                    3.3873310E-13                  0.0000000E+0
[21:09:35]    ║  13           8.7939173E-13                    8.0277114E-14                  0.0000000E+0
              ╚====================================================================================================

              ╔============================================= Results ==============================================
              ║
[INFO]        ║ Status                                 : CONVERGED
[INFO]        ║ Final residual                         : ||r|| = 8.7939173E-13 < 1.0E-12 (convergence achieved)
[DETAIL]      ║     Relative residual norm             : ||r||/||r0|| = 8.0277114E-14
[INFO]        ║ Total iterations                       : 13
[INFO]        ║ Solution                               : x = [ 1.0000000E+0 2.0000000E+0 3.0000000E+0]
[INFO]        ║ Solver completed in                    : 0.0000000E+0 seconds
[INFO]        ║ Memory used                            : 7380 KB
              ╚====================================================================================================
