              ╔==================================== NAFPack Logger initialized ====================================
              ║
[INFO]        ║ Verbosity level                        : 4
[INFO]        ║ Output to terminal                     : F
[INFO]        ║ Output to file                         : T
[INFO]        ║ File unit                              : 99
[INFO]        ║ File format                            : log
[INFO]        ║ File name                              : Log/Log_Conjugate_Residual_SSOR.log
              ╚====================================================================================================

              ╔===================== Testing matrix properties for method:Conjugate Residual ======================
              ║
[INFO]        ║ Checking if the matrix is square...
[INFO]        ║ Checking if the matrix is symmetric positive definite (SPD)...
[INFO]        ║ Checking if the matrix is symmetric...
              ╚====================================================================================================


              ╔====================================== Starting system solver ======================================
              ║
[INFO]        ║ Date and time                          : 2025-08-20 21:09:36
[INFO]        ║ Method used                            : Conjugate Residual
[INFO]        ║ Preconditioner used                    : SSOR
[INFO]        ║ Relaxation factor used                 : ω = 1.0000E+0
[INFO]        ║ System size                            : 3 x 3
[INFO]        ║ Memory used                            : 7464 KB
[INFO]        ║ Norme used                             : Norm L2 or Euclidean
[INFO]        ║ Convergence criterion (Tolerance)      : ||r|| < 1.00E-12
[INFO]        ║ Max iterations                         : 1000
[DETAIL]      ║     Initial residual norm              : ||r0|| = 1.0954451E+1
              ╚====================================================================================================

              ╔============================================ Iterations ============================================
              ║
[INFO]        ║ Iter     Residual norm (||r||)     Relative residual norm (||r||/||r0||)     Time (s)
              ║----------------------------------------------------------------------------------------------------
[21:09:36]    ║  1            2.3903636E-1                     2.1820935E-2                   0.0000000E+0
[21:09:36]    ║  2            5.4781860E-3                     5.0008768E-4                   0.0000000E+0
[21:09:36]    ║  3            5.9400078E-5                     5.4224604E-6                   0.0000000E+0
[21:09:36]    ║  4            2.4239179E-6                     2.2127242E-7                   0.0000000E+0
[21:09:36]    ║  5            3.9161087E-8                     3.5749018E-9                   0.0000000E+0
[21:09:36]    ║  6            1.3848640E-9                     1.2642021E-10                  0.0000000E+0
[21:09:36]    ║  7            4.4981893E-11                    4.1062663E-12                  0.0000000E+0
[21:09:36]    ║  8            7.3153140E-13                    6.6779375E-14                  0.0000000E+0
              ╚====================================================================================================

              ╔============================================= Results ==============================================
              ║
[INFO]        ║ Status                                 : CONVERGED
[INFO]        ║ Final residual                         : ||r|| = 7.3153140E-13 < 1.0E-12 (convergence achieved)
[DETAIL]      ║     Relative residual norm             : ||r||/||r0|| = 6.6779375E-14
[INFO]        ║ Total iterations                       : 8
[INFO]        ║ Solution                               : x = [ 1.0000000E+0 2.0000000E+0 3.0000000E+0]
[INFO]        ║ Solver completed in                    : 0.0000000E+0 seconds
[INFO]        ║ Memory used                            : 7464 KB
              ╚====================================================================================================
