              ╔==================================== NAFPack Logger initialized ====================================
              ║
[INFO]        ║ Verbosity level                        : 4
[INFO]        ║ Output to terminal                     : F
[INFO]        ║ Output to file                         : T
[INFO]        ║ File unit                              : 99
[INFO]        ║ File format                            : log
[INFO]        ║ File name                              : Log/Log_Richardson_unsteady_SSOR.log
              ╚====================================================================================================

              ╔========================= Testing matrix properties for method:Richardson ==========================
              ║
[INFO]        ║ Checking if the matrix is square...
[INFO]        ║ Checking if the matrix is symmetric positive definite (SPD)...
              ╚====================================================================================================


              ╔====================================== Starting system solver ======================================
              ║
[INFO]        ║ Date and time                          : 2025-08-20 21:09:36
[INFO]        ║ Method used                            : Richardson
[INFO]        ║ Relaxation factor used                 : α = 1.0000E+0
[INFO]        ║ Preconditioner used                    : SSOR
[INFO]        ║ Relaxation factor used                 : ω = 1.0000E+0
[INFO]        ║ System size                            : 3 x 3
[INFO]        ║ Memory used                            : 7392 KB
[INFO]        ║ Norme used                             : Norm L2 or Euclidean
[INFO]        ║ Convergence criterion (Tolerance)      : ||r|| < 1.00E-12
[INFO]        ║ Max iterations                         : 1000
[DETAIL]      ║     Initial residual norm              : ||r0|| = 1.0954451E+1
              ╚====================================================================================================

              ╔============================================ Iterations ============================================
              ║
[INFO]        ║ Iter     Residual norm (||r||)     Relative residual norm (||r||/||r0||)     Time (s)
              ║----------------------------------------------------------------------------------------------------
[21:09:36]    ║  1            2.4017807E-1                     2.1925158E-2                   0.0000000E+0
[21:09:36]    ║  2            5.4399665E-3                     4.9659872E-4                   0.0000000E+0
[21:09:36]    ║  3            2.4351511E-4                     2.2229786E-5                   0.0000000E+0
[21:09:36]    ║  4            8.0919866E-6                     7.3869393E-7                   0.0000000E+0
[21:09:36]    ║  5            4.1339425E-7                     3.7737559E-8                   0.0000000E+0
[21:09:36]    ║  6            1.3926773E-8                     1.2713346E-9                   0.0000000E+0
[21:09:36]    ║  7            7.0906077E-10                    6.4728096E-11                  0.0000000E+0
[21:09:36]    ║  8            2.3895514E-11                    2.1813520E-12                  0.0000000E+0
[21:09:36]    ║  9            1.2170343E-12                    1.1109952E-13                  0.0000000E+0
[21:09:36]    ║  10           4.0219505E-14                    3.6715217E-15                  0.0000000E+0
              ╚====================================================================================================

              ╔============================================= Results ==============================================
              ║
[INFO]        ║ Status                                 : CONVERGED
[INFO]        ║ Final residual                         : ||r|| = 4.0219505E-14 < 1.0E-12 (convergence achieved)
[DETAIL]      ║     Relative residual norm             : ||r||/||r0|| = 3.6715217E-15
[INFO]        ║ Total iterations                       : 10
[INFO]        ║ Solution                               : x = [ 1.0000000E+0 2.0000000E+0 3.0000000E+0]
[INFO]        ║ Solver completed in                    : 0.0000000E+0 seconds
[INFO]        ║ Memory used                            : 7392 KB
              ╚====================================================================================================
