              ╔==================================== NAFPack Logger initialized ====================================
              ║
[INFO]        ║ Verbosity level                        : 4
[INFO]        ║ Output to terminal                     : F
[INFO]        ║ Output to file                         : T
[INFO]        ║ File unit                              : 99
[INFO]        ║ File format                            : log
[INFO]        ║ File name                              : Log/Log_Richardson.log
              ╚====================================================================================================

              ╔========================= Testing matrix properties for method:Richardson ==========================
              ║
[INFO]        ║ Checking if the matrix is square...
[INFO]        ║ Checking if the matrix is symmetric positive definite (SPD)...
              ╚====================================================================================================


              ╔====================================== Starting system solver ======================================
              ║
[INFO]        ║ Date and time                          : 2025-08-15 22:45:13
[INFO]        ║ Method used                            : Richardson
[INFO]        ║ Relaxation factor used                 : α = 2.0000E-1
[INFO]        ║ System size                            : 3 x 3
[INFO]        ║ Memory used                            : 7232 KB
[INFO]        ║ Norme used                             : Norm L2 or Euclidean
[INFO]        ║ Convergence criterion (Tolerance)      : ||r|| < 1.00E-12
[INFO]        ║ Max iterations                         : 1000
[DETAIL]      ║     Initial residual norm              : ||r0|| = 1.0954451E+1
              ╚====================================================================================================

              ╔============================================ Iterations ============================================
              ║
[INFO]        ║ Iter     Residual norm (||r||)     Relative residual norm (||r||/||r0||)     Time (s)
              ║----------------------------------------------------------------------------------------------------
[22:45:13]    ║  1            4.4181444                        4.0331956E-1                   0.0000000
[22:45:13]    ║  2            2.0707487                        1.8903263E-1                   0.0000000
[22:45:13]    ║  3            9.9483466E-1                     9.0815564E-2                   0.0000000
[22:45:13]    ║  4            4.7993600E-1                     4.3811962E-2                   0.0000000
[22:45:13]    ║  5            2.3169945E-1                     2.1151169E-2                   0.0000000
[22:45:13]    ║  6            1.1187156E-1                     1.0212430E-2                   0.0000000
[22:45:13]    ║  7            5.4016133E-2                     4.9309758E-3                   0.0000000
[22:45:13]    ║  8            2.6081277E-2                     2.3808840E-3                   0.0000000
[22:45:13]    ║  9            1.2593153E-2                     1.1495923E-3                   0.0000000
[22:45:13]    ║  10           6.0805120E-3                     5.5507226E-4                   0.0000000
[22:45:13]    ║  11           2.9359309E-3                     2.6801260E-4                   0.0000000
[22:45:13]    ║  12           1.4175928E-3                     1.2940793E-4                   0.0000000
[22:45:13]    ║  13           6.8447437E-4                     6.2483675E-5                   0.0000000
[22:45:13]    ║  14           3.3049346E-4                     3.0169787E-5                   0.0000000
[22:45:13]    ║  15           1.5957636E-4                     1.4567262E-5                   0.0000000
[22:45:13]    ║  16           7.7050282E-5                     7.0336963E-6                   0.0000000
[22:45:13]    ║  17           3.7203167E-5                     3.3961690E-6                   0.0000000
[22:45:13]    ║  18           1.7963278E-5                     1.6398154E-6                   0.0000000
[22:45:13]    ║  19           8.6734379E-6                     7.9177294E-7                   0.0000000
[22:45:13]    ║  20           4.1879063E-6                     3.8230179E-7                   0.0000000
[22:45:13]    ║  21           2.0221000E-6                     1.8459163E-7                   0.0000000
[22:45:13]    ║  22           9.7635627E-7                     8.9128725E-8                   0.0000000
[22:45:13]    ║  23           4.7142651E-7                     4.3035155E-8                   0.0000000
[22:45:13]    ║  24           2.2762485E-7                     2.0779211E-8                   0.0000000
[22:45:13]    ║  25           1.0990700E-7                     1.0033091E-8                   0.0000000
[22:45:13]    ║  26           5.3067795E-8                     4.8444047E-9                   0.0000000
[22:45:13]    ║  27           2.5623398E-8                     2.3390855E-9                   0.0000000
[22:45:13]    ║  28           1.2372072E-8                     1.1294104E-9                   0.0000000
[22:45:13]    ║  29           5.9737640E-9                     5.4532755E-10                  0.0000000
[22:45:13]    ║  30           2.8843891E-9                     2.6330749E-10                  0.0000000
[22:45:13]    ║  31           1.3927068E-9                     1.2713616E-10                  0.0000000
[22:45:13]    ║  32           6.7245816E-10                    6.1386750E-11                  0.0000000
[22:45:13]    ║  33           3.2469213E-10                    2.9640200E-11                  0.0000000
[22:45:13]    ║  34           1.5677479E-10                    1.4311515E-11                  0.0000000
[22:45:13]    ║  35           7.5698169E-11                    6.9102658E-12                  0.0000000
[22:45:13]    ║  36           3.6549982E-11                    3.3365416E-12                  0.0000000
[22:45:13]    ║  37           1.7648102E-11                    1.6110440E-12                  0.0000000
[22:45:13]    ║  38           8.5213249E-12                    7.7788698E-13                  0.0000000
[22:45:13]    ║  39           4.1148419E-12                    3.7563195E-13                  0.0000000
[22:45:13]    ║  40           1.9863350E-12                    1.8132675E-13                  0.0000000
[22:45:13]    ║  41           9.5943662E-13                    8.7584180E-14                  0.0000000
              ╚====================================================================================================

              ╔============================================= Results ==============================================
              ║
[INFO]        ║ Status                                 : CONVERGED
[INFO]        ║ Final residual                         : ||r|| = 9.5943662E-13 < 1.0E-12 (convergence achieved)
[DETAIL]      ║     Relative residual norm             : ||r||/||r0|| = 8.7584180E-14
[INFO]        ║ Total iterations                       : 41
[INFO]        ║ Solution                               : x = [ 1.0000000 2.0000000 3.0000000]
[INFO]        ║ Solver completed in                    : 0.0000000 seconds
[INFO]        ║ Memory used                            : 7240 KB
              ╚====================================================================================================
