              ╔==================================== NAFPack Logger initialized ====================================
              ║
[INFO]        ║ Verbosity level                        : 4
[INFO]        ║ Output to terminal                     : F
[INFO]        ║ Output to file                         : T
[INFO]        ║ File unit                              : 99
[INFO]        ║ File format                            : log
[INFO]        ║ File name                              : Log/Log_Richardson_GS.log
              ╚====================================================================================================

              ╔========================= Testing matrix properties for method:Richardson ==========================
              ║
[INFO]        ║ Checking if the matrix is square...
[INFO]        ║ Checking if the matrix is symmetric positive definite (SPD)...
[INFO]        ║ Checking if the matrix is diagonally dominant...
              ╚====================================================================================================


              ╔====================================== Starting system solver ======================================
              ║
[INFO]        ║ Date and time                          : 2025-08-20 21:09:35
[INFO]        ║ Method used                            : Richardson
[INFO]        ║ Relaxation factor used                 : α = 1.0000E+0
[INFO]        ║ Preconditioner used                    : Gauss-Seidel
[INFO]        ║ System size                            : 3 x 3
[INFO]        ║ Memory used                            : 7296 KB
[INFO]        ║ Norme used                             : Norm L2 or Euclidean
[INFO]        ║ Convergence criterion (Tolerance)      : ||r|| < 1.00E-12
[INFO]        ║ Max iterations                         : 1000
[DETAIL]      ║     Initial residual norm              : ||r0|| = 1.0954451E+1
              ╚====================================================================================================

              ╔============================================ Iterations ============================================
              ║
[INFO]        ║ Iter     Residual norm (||r||)     Relative residual norm (||r||/||r0||)     Time (s)
              ║----------------------------------------------------------------------------------------------------
[21:09:35]    ║  1            3.0001628E+0                     2.7387614E-1                   0.0000000E+0
[21:09:35]    ║  2            7.8918819E-1                     7.2042695E-2                   0.0000000E+0
[21:09:35]    ║  3            9.8648523E-2                     9.0053369E-3                   0.0000000E+0
[21:09:35]    ║  4            1.2331065E-2                     1.1256671E-3                   0.0000000E+0
[21:09:35]    ║  5            1.5413832E-3                     1.4070839E-4                   0.0000000E+0
[21:09:35]    ║  6            1.9267290E-4                     1.7588549E-5                   0.0000000E+0
[21:09:35]    ║  7            2.4084112E-5                     2.1985686E-6                   0.0000000E+0
[21:09:35]    ║  8            3.0105140E-6                     2.7482107E-7                   0.0000000E+0
[21:09:35]    ║  9            3.7631425E-7                     3.4352634E-8                   0.0000000E+0
[21:09:35]    ║  10           4.7039281E-8                     4.2940793E-9                   0.0000000E+0
[21:09:35]    ║  11           5.8799102E-9                     5.3675991E-10                  0.0000000E+0
[21:09:35]    ║  12           7.3498877E-10                    6.7094988E-11                  0.0000000E+0
[21:09:35]    ║  13           9.1873597E-11                    8.3868736E-12                  0.0000000E+0
[21:09:35]    ║  14           1.1484200E-11                    1.0483592E-12                  0.0000000E+0
[21:09:35]    ║  15           1.4355249E-12                    1.3104490E-13                  0.0000000E+0
[21:09:35]    ║  16           1.7944062E-13                    1.6380612E-14                  0.0000000E+0
              ╚====================================================================================================

              ╔============================================= Results ==============================================
              ║
[INFO]        ║ Status                                 : CONVERGED
[INFO]        ║ Final residual                         : ||r|| = 1.7944062E-13 < 1.0E-12 (convergence achieved)
[DETAIL]      ║     Relative residual norm             : ||r||/||r0|| = 1.6380612E-14
[INFO]        ║ Total iterations                       : 16
[INFO]        ║ Solution                               : x = [ 1.0000000E+0 2.0000000E+0 3.0000000E+0]
[INFO]        ║ Solver completed in                    : 0.0000000E+0 seconds
[INFO]        ║ Memory used                            : 7296 KB
              ╚====================================================================================================
