              ╔==================================== NAFPack Logger initialized ====================================
              ║
[INFO]        ║ Verbosity level                        : 4
[INFO]        ║ Output to terminal                     : F
[INFO]        ║ Output to file                         : T
[INFO]        ║ File unit                              : 99
[INFO]        ║ File format                            : log
[INFO]        ║ File name                              : Log/Log_SSOR.log
              ╚====================================================================================================

              ╔============ Testing matrix properties for method:Symmetric Successive Over-Relaxation =============
              ║
[INFO]        ║ Checking if the matrix is square...
[INFO]        ║ Checking if the matrix is symmetric positive definite (SPD)...
              ╚====================================================================================================


              ╔====================================== Starting system solver ======================================
              ║
[INFO]        ║ Date and time                          : 2025-08-15 22:45:13
[INFO]        ║ Method used                            : Symmetric Successive Over-Relaxation
[INFO]        ║ Relaxation factor used                 : ω = 1.0000
[INFO]        ║ System size                            : 3 x 3
[INFO]        ║ Memory used                            : 7224 KB
[INFO]        ║ Norme used                             : Norm L2 or Euclidean
[INFO]        ║ Convergence criterion (Tolerance)      : ||r|| < 1.00E-12
[INFO]        ║ Max iterations                         : 1000
[DETAIL]      ║     Initial residual norm              : ||r0|| = 1.0954451E+1
              ╚====================================================================================================

              ╔============================================ Iterations ============================================
              ║
[INFO]        ║ Iter     Residual norm (||r||)     Relative residual norm (||r||/||r0||)     Time (s)
              ║----------------------------------------------------------------------------------------------------
[22:45:13]    ║  1            8.3099673E-1                     7.5859276E-2                   0.0000000
[22:45:13]    ║  2            6.5153693E-2                     5.9476912E-3                   0.0000000
[22:45:13]    ║  3            5.1804763E-3                     4.7291062E-4                   0.0000000
[22:45:13]    ║  4            4.1413875E-4                     3.7805522E-5                   0.0000000
[22:45:13]    ║  5            3.3174265E-5                     3.0283822E-6                   0.0000000
[22:45:13]    ║  6            2.6593961E-6                     2.4276854E-7                   0.0000000
[22:45:13]    ║  7            2.1324818E-7                     1.9466807E-8                   0.0000000
[22:45:13]    ║  8            1.7101421E-8                     1.5611390E-9                   0.0000000
[22:45:13]    ║  9            1.3714980E-9                     1.2520006E-10                  0.0000000
[22:45:13]    ║  10           1.0999298E-10                    1.0040939E-11                  0.0000000
[22:45:13]    ║  11           8.8220159E-12                    8.0533619E-13                  0.0000000
[22:45:13]    ║  12           7.0786929E-13                    6.4619329E-14                  0.0000000
              ╚====================================================================================================

              ╔============================================= Results ==============================================
              ║
[INFO]        ║ Status                                 : CONVERGED
[INFO]        ║ Final residual                         : ||r|| = 7.0786929E-13 < 1.0E-12 (convergence achieved)
[DETAIL]      ║     Relative residual norm             : ||r||/||r0|| = 6.4619329E-14
[INFO]        ║ Total iterations                       : 12
[INFO]        ║ Solution                               : x = [ 1.0000000 2.0000000 3.0000000]
[INFO]        ║ Solver completed in                    : 0.0000000 seconds
[INFO]        ║ Memory used                            : 7232 KB
              ╚====================================================================================================
