              ╔==================================== NAFPack Logger initialized ====================================
              ║
[INFO]        ║ Verbosity level                        : 4
[INFO]        ║ Output to terminal                     : F
[INFO]        ║ Output to file                         : T
[INFO]        ║ File unit                              : 99
[INFO]        ║ File format                            : log
[INFO]        ║ File name                              : Log/Log_Conjugate_Gradient_JOR.log
              ╚====================================================================================================

              ╔===================== Testing matrix properties for method:Conjugate Gradient ======================
              ║
[INFO]        ║ Checking if the matrix is square...
[INFO]        ║ Checking if the matrix is symmetric positive definite (SPD)...
[INFO]        ║ Checking if the matrix is diagonally dominant...
              ╚====================================================================================================


              ╔====================================== Starting system solver ======================================
              ║
[INFO]        ║ Date and time                          : 2025-08-20 21:09:36
[INFO]        ║ Method used                            : Conjugate Gradient
[INFO]        ║ Preconditioner used                    : Jacobi Over-Relaxation
[INFO]        ║ Relaxation factor used                 : ω = 1.0000E+0
[INFO]        ║ System size                            : 3 x 3
[INFO]        ║ Memory used                            : 7420 KB
[INFO]        ║ Norme used                             : Norm L2 or Euclidean
[INFO]        ║ Convergence criterion (Tolerance)      : ||r|| < 1.00E-12
[INFO]        ║ Max iterations                         : 1000
[DETAIL]      ║     Initial residual norm              : ||r0|| = 1.0954451E+1
              ╚====================================================================================================

              ╔============================================ Iterations ============================================
              ║
[INFO]        ║ Iter     Residual norm (||r||)     Relative residual norm (||r||/||r0||)     Time (s)
              ║----------------------------------------------------------------------------------------------------
[21:09:36]    ║  1            3.1124749E+0                     2.8412879E-1                   0.0000000E+0
[21:09:36]    ║  2            6.3751100E-1                     5.8196526E-2                   0.0000000E+0
[21:09:36]    ║  3            0.0000000E+0                     0.0000000E+0                   0.0000000E+0
              ╚====================================================================================================

              ╔============================================= Results ==============================================
              ║
[INFO]        ║ Status                                 : CONVERGED
[INFO]        ║ Final residual                         : ||r|| = 0.0000000E+0 < 1.0E-12 (convergence achieved)
[DETAIL]      ║     Relative residual norm             : ||r||/||r0|| = 0.0000000E+0
[INFO]        ║ Total iterations                       : 3
[INFO]        ║ Solution                               : x = [ 1.0000000E+0 2.0000000E+0 3.0000000E+0]
[INFO]        ║ Solver completed in                    : 0.0000000E+0 seconds
[INFO]        ║ Memory used                            : 7420 KB
              ╚====================================================================================================
