              ╔==================================== NAFPack Logger initialized ====================================
              ║
[INFO]        ║ Verbosity level                        : 4
[INFO]        ║ Output to terminal                     : F
[INFO]        ║ Output to file                         : T
[INFO]        ║ File unit                              : 99
[INFO]        ║ File format                            : log
[INFO]        ║ File name                              : Log/Log_Richardson_Jacobi.log
              ╚====================================================================================================

              ╔========================= Testing matrix properties for method:Richardson ==========================
              ║
[INFO]        ║ Checking if the matrix is square...
[INFO]        ║ Checking if the matrix is symmetric positive definite (SPD)...
[INFO]        ║ Checking if the matrix is diagonally dominant...
              ╚====================================================================================================


              ╔====================================== Starting system solver ======================================
              ║
[INFO]        ║ Date and time                          : 2025-08-20 21:09:35
[INFO]        ║ Method used                            : Richardson
[INFO]        ║ Relaxation factor used                 : α = 1.0000E+0
[INFO]        ║ Preconditioner used                    : Jacobi
[INFO]        ║ System size                            : 3 x 3
[INFO]        ║ Memory used                            : 7284 KB
[INFO]        ║ Norme used                             : Norm L2 or Euclidean
[INFO]        ║ Convergence criterion (Tolerance)      : ||r|| < 1.00E-12
[INFO]        ║ Max iterations                         : 1000
[DETAIL]      ║     Initial residual norm              : ||r0|| = 1.0954451E+1
              ╚====================================================================================================

              ╔============================================ Iterations ============================================
              ║
[INFO]        ║ Iter     Residual norm (||r||)     Relative residual norm (||r||/||r0||)     Time (s)
              ║----------------------------------------------------------------------------------------------------
[21:09:35]    ║  1            3.3166248E+0                     3.0276504E-1                   0.0000000E+0
[21:09:35]    ║  2            1.1726039E+0                     1.0704360E-1                   0.0000000E+0
[21:09:35]    ║  3            4.1457810E-1                     3.7845629E-2                   0.0000000E+0
[21:09:35]    ║  4            1.4657549E-1                     1.3380451E-2                   0.0000000E+0
[21:09:35]    ║  5            5.1822262E-2                     4.7307037E-3                   0.0000000E+0
[21:09:35]    ║  6            1.8321937E-2                     1.6725563E-3                   0.0000000E+0
[21:09:35]    ║  7            6.4777828E-3                     5.9133796E-4                   0.0000000E+0
[21:09:35]    ║  8            2.2902421E-3                     2.0906954E-4                   0.0000000E+0
[21:09:35]    ║  9            8.0972285E-4                     7.3917245E-5                   0.0000000E+0
[21:09:35]    ║  10           2.8628026E-4                     2.6133693E-5                   0.0000000E+0
[21:09:35]    ║  11           1.0121536E-4                     9.2396556E-6                   0.0000000E+0
[21:09:35]    ║  12           3.5785032E-5                     3.2667116E-6                   0.0000000E+0
[21:09:35]    ║  13           1.2651920E-5                     1.1549570E-6                   0.0000000E+0
[21:09:35]    ║  14           4.4731290E-6                     4.0833895E-7                   0.0000000E+0
[21:09:35]    ║  15           1.5814899E-6                     1.4436962E-7                   0.0000000E+0
[21:09:35]    ║  16           5.5914113E-7                     5.1042368E-8                   0.0000000E+0
[21:09:35]    ║  17           1.9768624E-7                     1.8046202E-8                   0.0000000E+0
[21:09:35]    ║  18           6.9892641E-8                     6.3802960E-9                   0.0000000E+0
[21:09:35]    ║  19           2.4710780E-8                     2.2557753E-9                   0.0000000E+0
[21:09:35]    ║  20           8.7365802E-9                     7.9753701E-10                  0.0000000E+0
[21:09:35]    ║  21           3.0888475E-9                     2.8197191E-10                  0.0000000E+0
[21:09:35]    ║  22           1.0920725E-9                     9.9692126E-11                  0.0000000E+0
[21:09:35]    ║  23           3.8610594E-10                    3.5246489E-11                  0.0000000E+0
[21:09:35]    ║  24           1.3650907E-10                    1.2461516E-11                  0.0000000E+0
[21:09:35]    ║  25           4.8263243E-11                    4.4058111E-12                  0.0000000E+0
[21:09:35]    ║  26           1.7063633E-11                    1.5576895E-12                  0.0000000E+0
[21:09:35]    ║  27           6.0329053E-12                    5.5072639E-13                  0.0000000E+0
[21:09:35]    ║  28           2.1329541E-12                    1.9471118E-13                  0.0000000E+0
[21:09:35]    ║  29           7.5411317E-13                    6.8840799E-14                  0.0000000E+0
              ╚====================================================================================================

              ╔============================================= Results ==============================================
              ║
[INFO]        ║ Status                                 : CONVERGED
[INFO]        ║ Final residual                         : ||r|| = 7.5411317E-13 < 1.0E-12 (convergence achieved)
[DETAIL]      ║     Relative residual norm             : ||r||/||r0|| = 6.8840799E-14
[INFO]        ║ Total iterations                       : 29
[INFO]        ║ Solution                               : x = [ 1.0000000E+0 2.0000000E+0 3.0000000E+0]
[INFO]        ║ Solver completed in                    : 0.0000000E+0 seconds
[INFO]        ║ Memory used                            : 7284 KB
              ╚====================================================================================================
