              ╔==================================== NAFPack Logger initialized ====================================
              ║
[INFO]        ║ Verbosity level                        : 4
[INFO]        ║ Output to terminal                     : F
[INFO]        ║ Output to file                         : T
[INFO]        ║ File unit                              : 99
[INFO]        ║ File format                            : log
[INFO]        ║ File name                              : Log/Log_CGNE_ILU.log
              ╚====================================================================================================

              ╔=========== Testing matrix properties for method:Conjugate Gradient on Normal Equations ============
              ║
              ╚====================================================================================================


              ╔====================================== Starting system solver ======================================
              ║
[INFO]        ║ Date and time                          : 2025-08-15 22:45:13
[INFO]        ║ Method used                            : Conjugate Gradient on Normal Equations
[INFO]        ║ Preconditioner used                    : ILU
[INFO]        ║ Relaxation factor used                 : ω = 1.0000
[INFO]        ║ Fill level used                        : basic ILU
[INFO]        ║ System size                            : 3 x 3
[INFO]        ║ Memory used                            : 7580 KB
[INFO]        ║ Norme used                             : Norm L2 or Euclidean
[INFO]        ║ Convergence criterion (Tolerance)      : ||r|| < 1.00E-12
[INFO]        ║ Max iterations                         : 1000
[DETAIL]      ║     Initial residual norm              : ||r0|| = 1.0954451E+1
              ╚====================================================================================================

              ╔============================================ Iterations ============================================
              ║
[INFO]        ║ Iter     Residual norm (||r||)     Relative residual norm (||r||/||r0||)     Time (s)
              ║----------------------------------------------------------------------------------------------------
[22:45:13]    ║  1            3.3993463                        3.1031645E-1                   0.0000000
[22:45:13]    ║  2            6.7322477E-1                     6.1456732E-2                   0.0000000
[22:45:13]    ║  3            0.0000000                        0.0000000                      0.0000000
              ╚====================================================================================================

              ╔============================================= Results ==============================================
              ║
[INFO]        ║ Status                                 : CONVERGED
[INFO]        ║ Final residual                         : ||r|| = 0.0000000 < 1.0E-12 (convergence achieved)
[DETAIL]      ║     Relative residual norm             : ||r||/||r0|| = 0.0000000
[INFO]        ║ Total iterations                       : 3
[INFO]        ║ Solution                               : x = [ 1.0000000 2.0000000 3.0000000]
[INFO]        ║ Solver completed in                    : 0.0000000 seconds
[INFO]        ║ Memory used                            : 7580 KB
              ╚====================================================================================================
